Added Component: Designator=AT1(AT24)
Added Component: Designator=C1(1608[0603])
Added Component: Designator=C2(1608[0603])
Added Component: Designator=C3(1608[0603])
Added Component: Designator=C4(1608[0603])
Added Component: Designator=C5(1608[0603])
Added Component: Designator=C6(1608[0603])
Added Component: Designator=C7(1608[0603])
Added Component: Designator=C8(1608[0603])
Added Component: Designator=C9(1608[0603])
Added Component: Designator=C10(1608[0603])
Added Component: Designator=C11(1608[0603])
Added Component: Designator=C12(1608[0603])
Added Component: Designator=CD1(cd4051)
Added Component: Designator=D1(3.2X1.6X1.1)
Added Component: Designator=D2(3.2X1.6X1.1)
Added Component: Designator=Logo1(logo)
Added Component: Designator=P1(BNC_RA CON)
Added Component: Designator=P2(HDR1X4)
Added Component: Designator=P3(HDR1X4)
Added Component: Designator=P4(HDR1X4)
Added Component: Designator=P5(HDR1X2)
Added Component: Designator=Q1(TO-92A)
Added Component: Designator=Q2(TO-92A)
Added Component: Designator=Q3(TO-92A)
Added Component: Designator=R1(3296可调电阻)
Added Component: Designator=R2(3296可调电阻)
Added Component: Designator=R3(3296可调电阻)
Added Component: Designator=R4(J1-0603)
Added Component: Designator=R5(J1-0603)
Added Component: Designator=R6(J1-0603)
Added Component: Designator=R7(J1-0603)
Added Component: Designator=R8(J1-0603)
Added Component: Designator=R9(J1-0603)
Added Component: Designator=R10(J1-0603)
Added Component: Designator=R11(J1-0603)
Added Component: Designator=R12(J1-0603)
Added Component: Designator=R13(J1-0603)
Added Component: Designator=R14(J1-0603)
Added Component: Designator=R15(J1-0603)
Added Component: Designator=R16(J1-0603)
Added Component: Designator=R17(J1-0603)
Added Component: Designator=R18(J1-0603)
Added Component: Designator=R19(J1-0603)
Added Component: Designator=R20(J1-0603)
Added Component: Designator=R21(3296可调电阻)
Added Component: Designator=R22(J1-0603)
Added Component: Designator=R23(J1-0603)
Added Component: Designator=R24(J1-0603)
Added Component: Designator=R25(J1-0603)
Added Component: Designator=R26(J1-0603)
Added Component: Designator=R27(J1-0603)
Added Component: Designator=U1(OP07C)
Added Component: Designator=U2(OP07C)
Added Component: Designator=U3(OP07C)
Added Component: Designator=U4(OP07C)
Added Pin To Net: NetName=AGND Pin=C1-1
Added Pin To Net: NetName=AGND Pin=C2-1
Added Pin To Net: NetName=AGND Pin=C3-1
Added Pin To Net: NetName=AGND Pin=C4-1
Added Pin To Net: NetName=AGND Pin=C5-1
Added Pin To Net: NetName=AGND Pin=C6-1
Added Pin To Net: NetName=AGND Pin=C7-2
Added Pin To Net: NetName=AGND Pin=C8-2
Added Pin To Net: NetName=AGND Pin=C9-2
Added Pin To Net: NetName=AGND Pin=C10-2
Added Pin To Net: NetName=AGND Pin=C11-2
Added Pin To Net: NetName=AGND Pin=C12-2
Added Pin To Net: NetName=AGND Pin=CD1-6
Added Pin To Net: NetName=AGND Pin=CD1-8
Added Pin To Net: NetName=AGND Pin=D1-2
Added Pin To Net: NetName=AGND Pin=P1-2
Added Pin To Net: NetName=AGND Pin=P1-2
Added Pin To Net: NetName=AGND Pin=P1-2
Added Pin To Net: NetName=AGND Pin=P2-2
Added Pin To Net: NetName=AGND Pin=P2-3
Added Pin To Net: NetName=AGND Pin=P3-1
Added Pin To Net: NetName=AGND Pin=P5-1
Added Pin To Net: NetName=AGND Pin=Q1-1
Added Pin To Net: NetName=AGND Pin=Q2-1
Added Pin To Net: NetName=AGND Pin=Q3-1
Added Pin To Net: NetName=AGND Pin=R4-1
Added Pin To Net: NetName=AGND Pin=R5-1
Added Pin To Net: NetName=AGND Pin=R10-1
Added Pin To Net: NetName=AGND Pin=R23-2
Added Pin To Net: NetName=AGND Pin=R24-2
Added Net: Name=AGND
Added Pin To Net: NetName=CD_A Pin=P3-4
Added Pin To Net: NetName=CD_A Pin=Q1-2
Added Net: Name=CD_A
Added Pin To Net: NetName=CD_B Pin=P3-3
Added Pin To Net: NetName=CD_B Pin=Q2-2
Added Net: Name=CD_B
Added Pin To Net: NetName=CD_C Pin=P3-2
Added Pin To Net: NetName=CD_C Pin=Q3-2
Added Net: Name=CD_C
Added Pin To Net: NetName=GND Pin=AT1-1
Added Pin To Net: NetName=GND Pin=AT1-2
Added Pin To Net: NetName=GND Pin=AT1-3
Added Pin To Net: NetName=GND Pin=AT1-4
Added Pin To Net: NetName=GND Pin=AT1-7
Added Pin To Net: NetName=GND Pin=D2-2
Added Pin To Net: NetName=GND Pin=P4-1
Added Pin To Net: NetName=GND Pin=R24-1
Added Net: Name=GND
Added Pin To Net: NetName=NetCD1_3 Pin=CD1-3
Added Pin To Net: NetName=NetCD1_3 Pin=R8-2
Added Pin To Net: NetName=NetCD1_3 Pin=U2-6
Added Net: Name=NetCD1_3
Added Pin To Net: NetName=NetD1_1 Pin=D1-1
Added Pin To Net: NetName=NetD1_1 Pin=R7-1
Added Net: Name=NetD1_1
Added Pin To Net: NetName=NetD2_1 Pin=D2-1
Added Pin To Net: NetName=NetD2_1 Pin=R27-1
Added Net: Name=NetD2_1
Added Pin To Net: NetName=NetP1_1 Pin=P1-1
Added Pin To Net: NetName=NetP1_1 Pin=R6-2
Added Net: Name=NetP1_1
Added Pin To Net: NetName=NetR1_0 Pin=R1-0
Added Pin To Net: NetName=NetR1_0 Pin=U1-8
Added Net: Name=NetR1_0
Added Pin To Net: NetName=NetR1_2 Pin=R1-2
Added Pin To Net: NetName=NetR1_2 Pin=U1-1
Added Net: Name=NetR1_2
Added Pin To Net: NetName=NetR2_0 Pin=R2-0
Added Pin To Net: NetName=NetR2_0 Pin=U2-8
Added Net: Name=NetR2_0
Added Pin To Net: NetName=NetR2_2 Pin=R2-2
Added Pin To Net: NetName=NetR2_2 Pin=U2-1
Added Net: Name=NetR2_2
Added Pin To Net: NetName=NetR3_0 Pin=R3-0
Added Pin To Net: NetName=NetR3_0 Pin=U3-8
Added Net: Name=NetR3_0
Added Pin To Net: NetName=NetR3_2 Pin=R3-2
Added Pin To Net: NetName=NetR3_2 Pin=U3-1
Added Net: Name=NetR3_2
Added Pin To Net: NetName=NetR4_2 Pin=R4-2
Added Pin To Net: NetName=NetR4_2 Pin=U2-3
Added Net: Name=NetR4_2
Added Pin To Net: NetName=NetR5_2 Pin=R5-2
Added Pin To Net: NetName=NetR5_2 Pin=U3-3
Added Net: Name=NetR5_2
Added Pin To Net: NetName=NetR6_1 Pin=R6-1
Added Pin To Net: NetName=NetR6_1 Pin=R10-2
Added Pin To Net: NetName=NetR6_1 Pin=U1-3
Added Net: Name=NetR6_1
Added Pin To Net: NetName=NetR8_1 Pin=R8-1
Added Pin To Net: NetName=NetR8_1 Pin=R11-1
Added Pin To Net: NetName=NetR8_1 Pin=R17-2
Added Pin To Net: NetName=NetR8_1 Pin=U3-2
Added Net: Name=NetR8_1
Added Pin To Net: NetName=NetR9_1 Pin=R9-1
Added Pin To Net: NetName=NetR9_1 Pin=R12-2
Added Pin To Net: NetName=NetR9_1 Pin=R13-2
Added Pin To Net: NetName=NetR9_1 Pin=R14-2
Added Pin To Net: NetName=NetR9_1 Pin=R15-2
Added Pin To Net: NetName=NetR9_1 Pin=R16-2
Added Pin To Net: NetName=NetR9_1 Pin=U2-2
Added Net: Name=NetR9_1
Added Pin To Net: NetName=NetR9_2 Pin=R9-2
Added Pin To Net: NetName=NetR9_2 Pin=U1-2
Added Pin To Net: NetName=NetR9_2 Pin=U1-6
Added Net: Name=NetR9_2
Added Pin To Net: NetName=NetR11_2 Pin=R11-2
Added Pin To Net: NetName=NetR11_2 Pin=U4-2
Added Pin To Net: NetName=NetR11_2 Pin=U4-6
Added Net: Name=NetR11_2
Added Pin To Net: NetName=NetR21_2 Pin=R21-2
Added Pin To Net: NetName=NetR21_2 Pin=U4-1
Added Net: Name=NetR21_2
Added Pin To Net: NetName=NetR22_2 Pin=R22-2
Added Pin To Net: NetName=NetR22_2 Pin=R23-1
Added Pin To Net: NetName=NetR22_2 Pin=U4-3
Added Net: Name=NetR22_2
Added Pin To Net: NetName=OUTPUT Pin=P5-2
Added Pin To Net: NetName=OUTPUT Pin=R17-1
Added Pin To Net: NetName=OUTPUT Pin=U3-6
Added Net: Name=OUTPUT
Added Pin To Net: NetName=SCL Pin=AT1-6
Added Pin To Net: NetName=SCL Pin=P4-3
Added Pin To Net: NetName=SCL Pin=R25-1
Added Net: Name=SCL
Added Pin To Net: NetName=SDA Pin=AT1-5
Added Pin To Net: NetName=SDA Pin=P4-2
Added Pin To Net: NetName=SDA Pin=R26-1
Added Net: Name=SDA
Added Pin To Net: NetName=SW_A Pin=CD1-11
Added Pin To Net: NetName=SW_A Pin=Q1-3
Added Pin To Net: NetName=SW_A Pin=R18-1
Added Net: Name=SW_A
Added Pin To Net: NetName=SW_B Pin=CD1-10
Added Pin To Net: NetName=SW_B Pin=Q2-3
Added Pin To Net: NetName=SW_B Pin=R19-1
Added Net: Name=SW_B
Added Pin To Net: NetName=SW_C Pin=CD1-9
Added Pin To Net: NetName=SW_C Pin=Q3-3
Added Pin To Net: NetName=SW_C Pin=R20-1
Added Net: Name=SW_C
Added Pin To Net: NetName=T0 Pin=CD1-13
Added Pin To Net: NetName=T0 Pin=R14-1
Added Net: Name=T0
Added Pin To Net: NetName=T1 Pin=CD1-14
Added Pin To Net: NetName=T1 Pin=R13-1
Added Net: Name=T1
Added Pin To Net: NetName=T2 Pin=CD1-15
Added Pin To Net: NetName=T2 Pin=R12-1
Added Net: Name=T2
Added Pin To Net: NetName=T3 Pin=CD1-12
Added Pin To Net: NetName=T3 Pin=R15-1
Added Net: Name=T3
Added Pin To Net: NetName=T4 Pin=CD1-1
Added Net: Name=T4
Added Pin To Net: NetName=T5 Pin=CD1-5
Added Net: Name=T5
Added Pin To Net: NetName=T6 Pin=CD1-2
Added Net: Name=T6
Added Pin To Net: NetName=T7 Pin=CD1-4
Added Pin To Net: NetName=T7 Pin=R16-1
Added Net: Name=T7
Added Pin To Net: NetName=VCC Pin=AT1-8
Added Pin To Net: NetName=VCC Pin=P4-4
Added Pin To Net: NetName=VCC Pin=R25-2
Added Pin To Net: NetName=VCC Pin=R26-2
Added Pin To Net: NetName=VCC Pin=R27-2
Added Net: Name=VCC
Added Pin To Net: NetName=VDD Pin=C1-2
Added Pin To Net: NetName=VDD Pin=C2-2
Added Pin To Net: NetName=VDD Pin=C3-2
Added Pin To Net: NetName=VDD Pin=C4-2
Added Pin To Net: NetName=VDD Pin=C5-2
Added Pin To Net: NetName=VDD Pin=C6-2
Added Pin To Net: NetName=VDD Pin=CD1-16
Added Pin To Net: NetName=VDD Pin=P2-4
Added Pin To Net: NetName=VDD Pin=R1-1
Added Pin To Net: NetName=VDD Pin=R2-1
Added Pin To Net: NetName=VDD Pin=R3-1
Added Pin To Net: NetName=VDD Pin=R7-2
Added Pin To Net: NetName=VDD Pin=R18-2
Added Pin To Net: NetName=VDD Pin=R19-2
Added Pin To Net: NetName=VDD Pin=R20-2
Added Pin To Net: NetName=VDD Pin=R21-0
Added Pin To Net: NetName=VDD Pin=R21-1
Added Pin To Net: NetName=VDD Pin=U1-7
Added Pin To Net: NetName=VDD Pin=U2-7
Added Pin To Net: NetName=VDD Pin=U3-7
Added Pin To Net: NetName=VDD Pin=U4-7
Added Pin To Net: NetName=VDD Pin=U4-8
Added Net: Name=VDD
Added Pin To Net: NetName=VSS Pin=C7-1
Added Pin To Net: NetName=VSS Pin=C8-1
Added Pin To Net: NetName=VSS Pin=C9-1
Added Pin To Net: NetName=VSS Pin=C10-1
Added Pin To Net: NetName=VSS Pin=C11-1
Added Pin To Net: NetName=VSS Pin=C12-1
Added Pin To Net: NetName=VSS Pin=CD1-7
Added Pin To Net: NetName=VSS Pin=P2-1
Added Pin To Net: NetName=VSS Pin=R22-1
Added Pin To Net: NetName=VSS Pin=U1-4
Added Pin To Net: NetName=VSS Pin=U2-4
Added Pin To Net: NetName=VSS Pin=U3-4
Added Pin To Net: NetName=VSS Pin=U4-4
Added Net: Name=VSS
Added Class: Name=oscillograph
Added Room: Name=oscillograph
