Removed Pin From Net: NetName=5V Pin=P3-1
Removed Pin From Net: NetName=5V Pin=P3-2
Removed Pin From Net: NetName=GND Pin=P3-3
Removed Pin From Net: NetName=GND Pin=P3-4
Removed Pin From Net: NetName=3.3V Pin=P3-5
Removed Pin From Net: NetName=3.3V Pin=P3-6
Removed Pin From Net: NetName=PA3 Pin=P3-7
Removed Pin From Net: NetName=PA2 Pin=P3-8
Removed Pin From Net: NetName=PA10 Pin=P3-9
Removed Pin From Net: NetName=PA0 Pin=P3-10
Added Pin To Net: NetName=PA3 Pin=P3-1
Added Pin To Net: NetName=PA2 Pin=P3-2
Added Pin To Net: NetName=PA1 Pin=P3-3
Added Pin To Net: NetName=PA0 Pin=P3-4
Added Pin To Net: NetName=5V Pin=P3-5
Added Pin To Net: NetName=5V Pin=P3-6
Added Pin To Net: NetName=3.3V Pin=P3-7
Added Pin To Net: NetName=3.3V Pin=P3-8
Added Pin To Net: NetName=GND Pin=P3-9
Added Pin To Net: NetName=GND Pin=P3-10
Added Room: Name=STM32F030
