Added Component: Designator=C?(C1206)
Added Component: Designator=C?(C1206)
Added Component: Designator=C?(C1206)
Added Component: Designator=C?(C1206)
Added Component: Designator=C?(C1206)
Added Component: Designator=C?(C1206)
Added Component: Designator=C?(C1206)
Added Component: Designator=C?(C1206)
Added Component: Designator=C?(C1206)
Added Component: Designator=C?(A型坦电容)
Added Component: Designator=C?(A型坦电容)
Added Component: Designator=C?(C1206)
Added Component: Designator=C?(C1206)
Added Component: Designator=D?(3.2X1.6X1.1)
Added Component: Designator=H?(微动开关)
Added Component: Designator=H?(七脚拨动开磁)
Added Component: Designator=P?(HDR2X11)
Added Component: Designator=P?(HDR2X11)
Added Component: Designator=R?(14-1210)
Added Component: Designator=R?(14-1210)
Added Component: Designator=R?(14-1210)
Added Component: Designator=R?(14-1210)
Added Component: Designator=R?(14-1210)
Added Component: Designator=U?(STM32F030C8T6)
Added Component: Designator=U?(AMS1117)
Added Component: Designator=U?(MicroUSB母座)
Added Component: Designator=Y?(晶振)
Added Component: Designator=Y?(31.768khz(3*8))
Added Pin To Net: NetName=3.3V Pin=C?-2
Added Pin To Net: NetName=3.3V Pin=C?-1
Added Pin To Net: NetName=3.3V Pin=C?-2
Added Pin To Net: NetName=3.3V Pin=C?-2
Added Pin To Net: NetName=3.3V Pin=C?-2
Added Pin To Net: NetName=3.3V Pin=P?-9
Added Pin To Net: NetName=3.3V Pin=P?-11
Added Pin To Net: NetName=3.3V Pin=R?-1
Added Pin To Net: NetName=3.3V Pin=R?-1
Added Pin To Net: NetName=3.3V Pin=R?-1
Added Pin To Net: NetName=3.3V Pin=R?-2
Added Pin To Net: NetName=3.3V Pin=U?-1
Added Pin To Net: NetName=3.3V Pin=U?-2
Added Net: Name=3.3V
Added Pin To Net: NetName=5V Pin=C?-2
Added Pin To Net: NetName=5V Pin=C?-1
Added Pin To Net: NetName=5V Pin=P?-1
Added Pin To Net: NetName=5V Pin=P?-3
Added Pin To Net: NetName=5V Pin=U?-1
Added Pin To Net: NetName=5V Pin=U?-3
Added Net: Name=5V
Added Pin To Net: NetName=BOOT Pin=R?-2
Added Net: Name=BOOT
Added Pin To Net: NetName=GND Pin=C?-1
Added Pin To Net: NetName=GND Pin=C?-1
Added Pin To Net: NetName=GND Pin=C?-1
Added Pin To Net: NetName=GND Pin=C?-1
Added Pin To Net: NetName=GND Pin=C?-1
Added Pin To Net: NetName=GND Pin=C?-1
Added Pin To Net: NetName=GND Pin=C?-1
Added Pin To Net: NetName=GND Pin=C?-1
Added Pin To Net: NetName=GND Pin=C?-1
Added Pin To Net: NetName=GND Pin=C?-1
Added Pin To Net: NetName=GND Pin=C?-2
Added Pin To Net: NetName=GND Pin=D?-2
Added Pin To Net: NetName=GND Pin=H?-2
Added Pin To Net: NetName=GND Pin=H?-3
Added Pin To Net: NetName=GND Pin=P?-2
Added Pin To Net: NetName=GND Pin=P?-4
Added Pin To Net: NetName=GND Pin=P?-5
Added Pin To Net: NetName=GND Pin=P?-7
Added Pin To Net: NetName=GND Pin=U?-1
Added Pin To Net: NetName=GND Pin=U?-5
Added Net: Name=GND
Added Pin To Net: NetName=NetD?_1 Pin=D?-1
Added Pin To Net: NetName=NetD?_1 Pin=R?-2
Added Net: Name=NetD?_1
Added Pin To Net: NetName=NetH?_1 Pin=H?-1
Added Pin To Net: NetName=NetH?_1 Pin=R?-1
Added Net: Name=NetH?_1
Added Pin To Net: NetName=NetH?_2 Pin=H?-2
Added Pin To Net: NetName=NetH?_2 Pin=R?-1
Added Net: Name=NetH?_2
Added Pin To Net: NetName=NRST Pin=C?-1
Added Pin To Net: NetName=NRST Pin=H?-1
Added Pin To Net: NetName=NRST Pin=R?-2
Added Net: Name=NRST
Added Pin To Net: NetName=OSC32_IN Pin=C?-2
Added Pin To Net: NetName=OSC32_IN Pin=U?-3
Added Net: Name=OSC32_IN
Added Pin To Net: NetName=OSC32_OUT Pin=C?-2
Added Pin To Net: NetName=OSC32_OUT Pin=U?-4
Added Pin To Net: NetName=OSC32_OUT Pin=Y?-1
Added Net: Name=OSC32_OUT
Added Pin To Net: NetName=OSC_IN Pin=C?-2
Added Pin To Net: NetName=OSC_IN Pin=U?-5
Added Pin To Net: NetName=OSC_IN Pin=Y?-0
Added Net: Name=OSC_IN
Added Pin To Net: NetName=OSC_OUT Pin=C?-2
Added Pin To Net: NetName=OSC_OUT Pin=Y?-1
Added Net: Name=OSC_OUT
Added Pin To Net: NetName=PA0 Pin=P?-19
Added Net: Name=PA0
Added Net: Name=PA1
Added Pin To Net: NetName=PA2 Pin=P?-15
Added Net: Name=PA2
Added Pin To Net: NetName=PA3 Pin=P?-13
Added Pin To Net: NetName=PA3 Pin=P?-21
Added Net: Name=PA3
Added Pin To Net: NetName=PA4 Pin=P?-19
Added Net: Name=PA4
Added Pin To Net: NetName=PA5 Pin=P?-17
Added Net: Name=PA5
Added Pin To Net: NetName=PA6 Pin=P?-15
Added Net: Name=PA6
Added Pin To Net: NetName=PA7 Pin=P?-13
Added Net: Name=PA7
Added Pin To Net: NetName=PA8 Pin=P?-8
Added Net: Name=PA8
Added Pin To Net: NetName=PA9 Pin=P?-10
Added Net: Name=PA9
Added Pin To Net: NetName=PA10 Pin=P?-12
Added Pin To Net: NetName=PA10 Pin=P?-17
Added Net: Name=PA10
Added Pin To Net: NetName=PA11 Pin=P?-14
Added Net: Name=PA11
Added Pin To Net: NetName=PA12 Pin=P?-16
Added Net: Name=PA12
Added Pin To Net: NetName=PA13 Pin=P?-18
Added Net: Name=PA13
Added Pin To Net: NetName=PA14 Pin=P?-6
Added Net: Name=PA14
Added Pin To Net: NetName=PA15 Pin=P?-8
Added Net: Name=PA15
Added Pin To Net: NetName=PB0 Pin=P?-11
Added Net: Name=PB0
Added Pin To Net: NetName=PB1 Pin=P?-9
Added Net: Name=PB1
Added Pin To Net: NetName=PB2 Pin=P?-7
Added Net: Name=PB2
Added Pin To Net: NetName=PB3 Pin=P?-10
Added Net: Name=PB3
Added Pin To Net: NetName=PB4 Pin=P?-12
Added Net: Name=PB4
Added Pin To Net: NetName=PB5 Pin=P?-14
Added Net: Name=PB5
Added Pin To Net: NetName=PB6 Pin=P?-16
Added Net: Name=PB6
Added Pin To Net: NetName=PB7 Pin=P?-18
Added Net: Name=PB7
Added Pin To Net: NetName=PB8 Pin=P?-20
Added Net: Name=PB8
Added Pin To Net: NetName=PB9 Pin=P?-22
Added Net: Name=PB9
Added Pin To Net: NetName=PB10 Pin=P?-5
Added Net: Name=PB10
Added Pin To Net: NetName=PB11 Pin=P?-3
Added Net: Name=PB11
Added Pin To Net: NetName=PB12 Pin=P?-1
Added Net: Name=PB12
Added Pin To Net: NetName=PB13 Pin=P?-2
Added Net: Name=PB13
Added Pin To Net: NetName=PB14 Pin=P?-4
Added Net: Name=PB14
Added Pin To Net: NetName=PB15 Pin=P?-6
Added Net: Name=PB15
Added Pin To Net: NetName=PC13 Pin=P?-21
Added Pin To Net: NetName=PC13 Pin=U?-2
Added Net: Name=PC13
Added Pin To Net: NetName=PF6 Pin=P?-20
Added Net: Name=PF6
Added Pin To Net: NetName=PF7 Pin=P?-22
Added Net: Name=PF7
Added Pin To Net: NetName=VDD Pin=C?-2
Added Pin To Net: NetName=VDD Pin=R?-2
Added Net: Name=VDD
Added Class: Name=STM32F030
Added Room: Name=STM32F030
