Replace Part C1 A型坦电容 in E:\DXP\STM32F030C8T6\Power.SchDoc with A型坦电容 from KindSword.IntLib
Replace Part C2 A型坦电容 in E:\DXP\STM32F030C8T6\Power.SchDoc with A型坦电容 from KindSword.IntLib
Replace Part C3 Cap Semi in E:\DXP\STM32F030C8T6\Power.SchDoc with Cap Semi from Miscellaneous Devices.IntLib
Replace Part C4 Cap Semi in E:\DXP\STM32F030C8T6\Power.SchDoc with Cap Semi from Miscellaneous Devices.IntLib
Replace Part C5 Cap Semi in E:\DXP\STM32F030C8T6\Power.SchDoc with Cap Semi from Miscellaneous Devices.IntLib
Replace Part C6 Cap Semi in E:\DXP\STM32F030C8T6\Power.SchDoc with Cap Semi from Miscellaneous Devices.IntLib
Replace Part C7 Cap Semi in E:\DXP\STM32F030C8T6\Power.SchDoc with Cap Semi from Miscellaneous Devices.IntLib
Replace Part C8 Cap Semi in E:\DXP\STM32F030C8T6\Power.SchDoc with Cap Semi from Miscellaneous Devices.IntLib
Replace Part C9 Cap Semi in E:\DXP\STM32F030C8T6\Power.SchDoc with Cap Semi from Miscellaneous Devices.IntLib
Replace Part D1 LED2 in E:\DXP\STM32F030C8T6\Power.SchDoc with LED2 from Miscellaneous Devices.IntLib
Replace Part D2 LED2 in E:\DXP\STM32F030C8T6\Power.SchDoc with LED2 from Miscellaneous Devices.IntLib
Replace Part D3 LED2 in E:\DXP\STM32F030C8T6\Power.SchDoc with LED2 from Miscellaneous Devices.IntLib
Replace Part D4 LED2 in E:\DXP\STM32F030C8T6\Power.SchDoc with LED2 from Miscellaneous Devices.IntLib
Replace Part D5 LED2 in E:\DXP\STM32F030C8T6\Power.SchDoc with LED2 from Miscellaneous Devices.IntLib
Replace Part D6 LED2 in E:\DXP\STM32F030C8T6\Power.SchDoc with LED2 from Miscellaneous Devices.IntLib
Replace Part D7 LED2 in E:\DXP\STM32F030C8T6\Power.SchDoc with LED2 from Miscellaneous Devices.IntLib
Replace Part D8 LED2 in E:\DXP\STM32F030C8T6\Power.SchDoc with LED2 from Miscellaneous Devices.IntLib
Replace Part D9 LED2 in E:\DXP\STM32F030C8T6\Power.SchDoc with LED2 from Miscellaneous Devices.IntLib
Replace Part P1 Header 16 in E:\DXP\STM32F030C8T6\Power.SchDoc with Header 16 from Miscellaneous Connectors.IntLib
Replace Part P2 Header 2X2 in E:\DXP\STM32F030C8T6\Power.SchDoc with Header 2X2 from Miscellaneous Connectors.IntLib
Replace Part R1 Res3 in E:\DXP\STM32F030C8T6\Power.SchDoc with Res3 from Miscellaneous Devices.IntLib
Replace Part R2 Res3 in E:\DXP\STM32F030C8T6\Power.SchDoc with Res3 from Miscellaneous Devices.IntLib
Replace Part R3 Res3 in E:\DXP\STM32F030C8T6\Power.SchDoc with Res3 from Miscellaneous Devices.IntLib
Replace Part R4 Res3 in E:\DXP\STM32F030C8T6\Power.SchDoc with Res3 from Miscellaneous Devices.IntLib
Replace Part R5 Res3 in E:\DXP\STM32F030C8T6\Power.SchDoc with Res3 from Miscellaneous Devices.IntLib
Replace Part U1 74HC138 in E:\DXP\STM32F030C8T6\Power.SchDoc with 74HC138 from KindSword.IntLib
Replace Part U2 AMS1117 in E:\DXP\STM32F030C8T6\Power.SchDoc with AMS1117 from KindSword.IntLib
Replace Part U3 Micro-USB in E:\DXP\STM32F030C8T6\Power.SchDoc with Micro-USB from KindSword.IntLib
Replace Part U4 PL2303HX in E:\DXP\STM32F030C8T6\Power.SchDoc with PL2303HX from KindSword.IntLib
Replace Part Y1 晶振 in E:\DXP\STM32F030C8T6\Power.SchDoc with 晶振 from KindSword.IntLib
Replace Part 七脚拨动开关 七脚拨动开关 in E:\DXP\STM32F030C8T6\Power.SchDoc with 七脚拨动开关 from KindSword.IntLib
