Replace Symbol from C? A型坦电容 in E:\DXP\STM32F030C8T6\Power.SchDoc with A型坦电容 from KindSword.IntLib
Replace Symbol from C? Cap Semi in E:\DXP\STM32F030C8T6\Power.SchDoc with Cap Semi from Miscellaneous Devices.IntLib
Replace Symbol from C? Cap Semi in E:\DXP\STM32F030C8T6\Power.SchDoc with Cap Semi from Miscellaneous Devices.IntLib
Replace Symbol from C? Cap Semi in E:\DXP\STM32F030C8T6\Power.SchDoc with Cap Semi from Miscellaneous Devices.IntLib
Replace Symbol from C? Cap Semi in E:\DXP\STM32F030C8T6\Power.SchDoc with Cap Semi from Miscellaneous Devices.IntLib
Replace Symbol from C? Cap Semi in E:\DXP\STM32F030C8T6\Power.SchDoc with Cap Semi from Miscellaneous Devices.IntLib
Replace Symbol from C? Cap Semi in E:\DXP\STM32F030C8T6\Power.SchDoc with Cap Semi from Miscellaneous Devices.IntLib
Replace Symbol from C? A型坦电容 in E:\DXP\STM32F030C8T6\Power.SchDoc with A型坦电容 from KindSword.IntLib
Replace Symbol from C? Cap Semi in E:\DXP\STM32F030C8T6\Power.SchDoc with Cap Semi from Miscellaneous Devices.IntLib
Replace Symbol from D? LED2 in E:\DXP\STM32F030C8T6\Power.SchDoc with LED2 from Miscellaneous Devices.IntLib
Replace Symbol from D? LED2 in E:\DXP\STM32F030C8T6\Power.SchDoc with LED2 from Miscellaneous Devices.IntLib
Replace Symbol from D? LED2 in E:\DXP\STM32F030C8T6\Power.SchDoc with LED2 from Miscellaneous Devices.IntLib
Replace Symbol from D? LED2 in E:\DXP\STM32F030C8T6\Power.SchDoc with LED2 from Miscellaneous Devices.IntLib
Replace Symbol from D? LED2 in E:\DXP\STM32F030C8T6\Power.SchDoc with LED2 from Miscellaneous Devices.IntLib
Replace Symbol from D? LED2 in E:\DXP\STM32F030C8T6\Power.SchDoc with LED2 from Miscellaneous Devices.IntLib
Replace Symbol from D? LED2 in E:\DXP\STM32F030C8T6\Power.SchDoc with LED2 from Miscellaneous Devices.IntLib
Replace Symbol from D? LED2 in E:\DXP\STM32F030C8T6\Power.SchDoc with LED2 from Miscellaneous Devices.IntLib
Replace Symbol from D? LED2 in E:\DXP\STM32F030C8T6\Power.SchDoc with LED2 from Miscellaneous Devices.IntLib
Replace Symbol from P? Header 2X2 in E:\DXP\STM32F030C8T6\Power.SchDoc with Header 2X2 from Miscellaneous Connectors.IntLib
Replace Symbol from P? Header 16 in E:\DXP\STM32F030C8T6\Power.SchDoc with Header 16 from Miscellaneous Connectors.IntLib
Replace Symbol from R? Res3 in E:\DXP\STM32F030C8T6\Power.SchDoc with Res3 from Miscellaneous Devices.IntLib
Replace Symbol from R? Res3 in E:\DXP\STM32F030C8T6\Power.SchDoc with Res3 from Miscellaneous Devices.IntLib
Replace Symbol from R? Res3 in E:\DXP\STM32F030C8T6\Power.SchDoc with Res3 from Miscellaneous Devices.IntLib
Replace Symbol from R? Res3 in E:\DXP\STM32F030C8T6\Power.SchDoc with Res3 from Miscellaneous Devices.IntLib
Replace Symbol from R? Res3 in E:\DXP\STM32F030C8T6\Power.SchDoc with Res3 from Miscellaneous Devices.IntLib
Replace Symbol from U? 74HC138 in E:\DXP\STM32F030C8T6\Power.SchDoc with 74HC138 from KindSword.IntLib
Replace Symbol from U? PL2303HX in E:\DXP\STM32F030C8T6\Power.SchDoc with PL2303HX from KindSword.IntLib
Replace Symbol from U? Micro-USB in E:\DXP\STM32F030C8T6\Power.SchDoc with Micro-USB from KindSword.IntLib
Replace Symbol from U? AMS1117 in E:\DXP\STM32F030C8T6\Power.SchDoc with AMS1117 from KindSword.IntLib
Replace Symbol from Y? 晶振 in E:\DXP\STM32F030C8T6\Power.SchDoc with 晶振 from KindSword.IntLib
Replace Symbol from 七脚拨动开关? 七脚拨动开关 in E:\DXP\STM32F030C8T6\Power.SchDoc with 七脚拨动开关 from KindSword.IntLib
