Replace Part 74HC138 74HC138 in E:\DXP\STM32F030C8T6\Power.SchDoc with 74HC138 from KindSword.IntLib
Replace Part C? Cap Semi in E:\DXP\STM32F030C8T6\Power.SchDoc with Cap Semi from Miscellaneous Devices.IntLib
Replace Part C? Cap Semi in E:\DXP\STM32F030C8T6\Power.SchDoc with Cap Semi from Miscellaneous Devices.IntLib
Replace Part C? Cap Semi in E:\DXP\STM32F030C8T6\Power.SchDoc with Cap Semi from Miscellaneous Devices.IntLib
Replace Part C? Cap Semi in E:\DXP\STM32F030C8T6\Power.SchDoc with Cap Semi from Miscellaneous Devices.IntLib
Replace Part C? Cap Semi in E:\DXP\STM32F030C8T6\Power.SchDoc with Cap Semi from Miscellaneous Devices.IntLib
Replace Part C? Cap Semi in E:\DXP\STM32F030C8T6\Power.SchDoc with Cap Semi from Miscellaneous Devices.IntLib
Replace Part C? A型坦电容 in E:\DXP\STM32F030C8T6\Power.SchDoc with A型坦电容 from KindSword.IntLib
Replace Part C? Cap Semi in E:\DXP\STM32F030C8T6\Power.SchDoc with Cap Semi from Miscellaneous Devices.IntLib
Replace Part D? LED2 in E:\DXP\STM32F030C8T6\Power.SchDoc with LED2 from Miscellaneous Devices.IntLib
Replace Part D? LED2 in E:\DXP\STM32F030C8T6\Power.SchDoc with LED2 from Miscellaneous Devices.IntLib
Replace Part D? LED2 in E:\DXP\STM32F030C8T6\Power.SchDoc with LED2 from Miscellaneous Devices.IntLib
Replace Part D? LED2 in E:\DXP\STM32F030C8T6\Power.SchDoc with LED2 from Miscellaneous Devices.IntLib
Replace Part D? LED2 in E:\DXP\STM32F030C8T6\Power.SchDoc with LED2 from Miscellaneous Devices.IntLib
Replace Part D? LED2 in E:\DXP\STM32F030C8T6\Power.SchDoc with LED2 from Miscellaneous Devices.IntLib
Replace Part D? LED2 in E:\DXP\STM32F030C8T6\Power.SchDoc with LED2 from Miscellaneous Devices.IntLib
Replace Part D? LED2 in E:\DXP\STM32F030C8T6\Power.SchDoc with LED2 from Miscellaneous Devices.IntLib
Replace Part D? LED2 in E:\DXP\STM32F030C8T6\Power.SchDoc with LED2 from Miscellaneous Devices.IntLib
Replace Part P? Header 2X2 in E:\DXP\STM32F030C8T6\Power.SchDoc with Header 2X2 from Miscellaneous Connectors.IntLib
Replace Part P? Header 16 in E:\DXP\STM32F030C8T6\Power.SchDoc with Header 16 from Miscellaneous Connectors.IntLib
Replace Part PL2303HX PL2303HX in E:\DXP\STM32F030C8T6\Power.SchDoc with PL2303HX from KindSword.IntLib
Replace Part R? Res3 in E:\DXP\STM32F030C8T6\Power.SchDoc with Res3 from Miscellaneous Devices.IntLib
Replace Part R? Res3 in E:\DXP\STM32F030C8T6\Power.SchDoc with Res3 from Miscellaneous Devices.IntLib
Replace Part R? Res3 in E:\DXP\STM32F030C8T6\Power.SchDoc with Res3 from Miscellaneous Devices.IntLib
Replace Part R? Res3 in E:\DXP\STM32F030C8T6\Power.SchDoc with Res3 from Miscellaneous Devices.IntLib
Replace Part R? Res3 in E:\DXP\STM32F030C8T6\Power.SchDoc with Res3 from Miscellaneous Devices.IntLib
Replace Part U? Micro-USB in E:\DXP\STM32F030C8T6\Power.SchDoc with Micro-USB from KindSword.IntLib
Replace Part U? AMS1117 in E:\DXP\STM32F030C8T6\Power.SchDoc with AMS1117 from KindSword.IntLib
Replace Part Y? 晶振 in E:\DXP\STM32F030C8T6\Power.SchDoc with 晶振 from KindSword.IntLib
Replace Part 七脚拨动开关 七脚拨动开关 in E:\DXP\STM32F030C8T6\Power.SchDoc with 七脚拨动开关 from KindSword.IntLib
