Added Component: Designator=C1(A型坦电容)
Added Component: Designator=C2(A型坦电容)
Added Component: Designator=C3(C1206)
Added Component: Designator=C4(C1206)
Added Component: Designator=C5(C1206)
Added Component: Designator=C6(C1206)
Added Component: Designator=C7(C1206)
Added Component: Designator=C8(C1206)
Added Component: Designator=C9(C1206)
Added Component: Designator=C10(C1206)
Added Component: Designator=C11(C1206)
Added Component: Designator=C12(C1206)
Added Component: Designator=C13(C1206)
Added Component: Designator=C14(C1206)
Added Component: Designator=C15(C1206)
Added Component: Designator=C16(C1206)
Added Component: Designator=C17(C1206)
Added Component: Designator=C18(C1206)
Added Component: Designator=C19(C1206)
Added Component: Designator=D1(3.2X1.6X1.1)
Added Component: Designator=D2(3.2X1.6X1.1)
Added Component: Designator=D3(3.2X1.6X1.1)
Added Component: Designator=D4(3.2X1.6X1.1)
Added Component: Designator=D5(3.2X1.6X1.1)
Added Component: Designator=D6(3.2X1.6X1.1)
Added Component: Designator=D7(3.2X1.6X1.1)
Added Component: Designator=D8(3.2X1.6X1.1)
Added Component: Designator=D9(3.2X1.6X1.1)
Added Component: Designator=H1(七脚拨动开关)
Added Component: Designator=H2(七脚拨动开关)
Added Component: Designator=H3(微动开关)
Added Component: Designator=H4(微动开关)
Added Component: Designator=H5(微动开关)
Added Component: Designator=P1(HDR1X16)
Added Component: Designator=P2(HDR2X2)
Added Component: Designator=P3(HDR2X10)
Added Component: Designator=R1(12Z-2010)
Added Component: Designator=R2(14-1210)
Added Component: Designator=R3(14-1210)
Added Component: Designator=R4(12Z-2010)
Added Component: Designator=R5(12Z-2010)
Added Component: Designator=R6(14-1210)
Added Component: Designator=R7(14-1210)
Added Component: Designator=R8(14-1210)
Added Component: Designator=R9(14-1210)
Added Component: Designator=R10(14-1210)
Added Component: Designator=R11(14-1210)
Added Component: Designator=R12(14-1210)
Added Component: Designator=U1(74HC138)
Added Component: Designator=U2(AMS1117)
Added Component: Designator=U3(MICRO USB)
Added Component: Designator=U4(PL2303HX)
Added Component: Designator=U5(TSQFP50P900X900X160-48N)
Added Component: Designator=Y1(晶振)
Added Component: Designator=Y2(晶振)
Added Component: Designator=Y3(R38)
Added Pin To Net: NetName=GND Pin=C1-0
Added Pin To Net: NetName=USB-VCC Pin=C1-1
Added Pin To Net: NetName=GND Pin=C2-0
Added Pin To Net: NetName=VCC-3.3 Pin=C2-1
Added Pin To Net: NetName=GND Pin=C3-1
Added Pin To Net: NetName=USB-VCC Pin=C3-2
Added Pin To Net: NetName=GND Pin=C4-1
Added Pin To Net: NetName=VCC-3.3 Pin=C4-2
Added Pin To Net: NetName=NetC5_1 Pin=C5-1
Added Pin To Net: NetName=GND Pin=C5-2
Added Pin To Net: NetName=NetC6_1 Pin=C6-1
Added Pin To Net: NetName=GND Pin=C6-2
Added Pin To Net: NetName=PL_3V3 Pin=C7-1
Added Pin To Net: NetName=GND Pin=C7-2
Added Pin To Net: NetName=USB-VCC Pin=C8-1
Added Pin To Net: NetName=GND Pin=C8-2
Added Pin To Net: NetName=PL_3V3 Pin=C9-1
Added Pin To Net: NetName=GND Pin=C9-2
Added Pin To Net: NetName=GND Pin=C10-1
Added Pin To Net: NetName=OSC_IN Pin=C10-2
Added Pin To Net: NetName=GND Pin=C11-1
Added Pin To Net: NetName=OSC_OUT Pin=C11-2
Added Pin To Net: NetName=GND Pin=C12-1
Added Pin To Net: NetName=OSC32_IN Pin=C12-2
Added Pin To Net: NetName=GND Pin=C13-1
Added Pin To Net: NetName=OSC32_OUT Pin=C13-2
Added Pin To Net: NetName=GND Pin=C14-1
Added Pin To Net: NetName=VCC-3.3 Pin=C14-2
Added Pin To Net: NetName=GND Pin=C15-1
Added Pin To Net: NetName=VCC-3.3 Pin=C15-2
Added Pin To Net: NetName=GND Pin=C16-1
Added Pin To Net: NetName=VCC-3.3 Pin=C16-2
Added Pin To Net: NetName=GND Pin=C17-1
Added Pin To Net: NetName=VCC-3.3 Pin=C17-2
Added Pin To Net: NetName=VSSA Pin=C18-1
Added Pin To Net: NetName=VDDA Pin=C18-2
Added Pin To Net: NetName=VSSA Pin=C19-1
Added Pin To Net: NetName=VDDA Pin=C19-2
Added Pin To Net: NetName=NetD1_1 Pin=D1-1
Added Pin To Net: NetName=NetD1_2 Pin=D1-2
Added Pin To Net: NetName=NetD1_1 Pin=D2-1
Added Pin To Net: NetName=NetD2_2 Pin=D2-2
Added Pin To Net: NetName=NetD1_1 Pin=D3-1
Added Pin To Net: NetName=NetD3_2 Pin=D3-2
Added Pin To Net: NetName=NetD1_1 Pin=D4-1
Added Pin To Net: NetName=NetD4_2 Pin=D4-2
Added Pin To Net: NetName=NetD5_1 Pin=D5-1
Added Pin To Net: NetName=GND Pin=D5-2
Added Pin To Net: NetName=NetD1_1 Pin=D6-1
Added Pin To Net: NetName=NetD6_2 Pin=D6-2
Added Pin To Net: NetName=NetD1_1 Pin=D7-1
Added Pin To Net: NetName=NetD7_2 Pin=D7-2
Added Pin To Net: NetName=NetD1_1 Pin=D8-1
Added Pin To Net: NetName=NetD8_2 Pin=D8-2
Added Pin To Net: NetName=NetD1_1 Pin=D9-1
Added Pin To Net: NetName=NetD9_2 Pin=D9-2
Added Pin To Net: NetName=GND Pin=H3-2
Added Pin To Net: NetName=NRST Pin=H4-2
Added Pin To Net: NetName=GND Pin=H5-2
Added Pin To Net: NetName=GND Pin=P1-1
Added Pin To Net: NetName=USB-VCC Pin=P1-2
Added Pin To Net: NetName=NetP1_3 Pin=P1-3
Added Pin To Net: NetName=MCU_LCD_RS Pin=P1-4
Added Pin To Net: NetName=MCU_LCD_WR Pin=P1-5
Added Pin To Net: NetName=MCU_LCD_E Pin=P1-6
Added Pin To Net: NetName=MCU_LCD_DB0 Pin=P1-7
Added Pin To Net: NetName=MCU_LCD_DB1 Pin=P1-8
Added Pin To Net: NetName=MCU_LCD_DB2 Pin=P1-9
Added Pin To Net: NetName=MCU_LCD_DB3 Pin=P1-10
Added Pin To Net: NetName=MCU_LCD_DB4 Pin=P1-11
Added Pin To Net: NetName=MCU_LCD_DB5 Pin=P1-12
Added Pin To Net: NetName=MCU_LCD_DB6 Pin=P1-13
Added Pin To Net: NetName=MCU_LCD_DB7 Pin=P1-14
Added Pin To Net: NetName=USB-VCC Pin=P1-15
Added Pin To Net: NetName=GND Pin=P1-16
Added Pin To Net: NetName=MCU_RXD Pin=P2-1
Added Pin To Net: NetName=PL_TXD Pin=P2-2
Added Pin To Net: NetName=MCU_TXD Pin=P2-3
Added Pin To Net: NetName=PL_RXD Pin=P2-4
Added Pin To Net: NetName=VCC-3.3 Pin=P3-1
Added Pin To Net: NetName=GND Pin=P3-2
Added Pin To Net: NetName=USB-VCC Pin=P3-3
Added Pin To Net: NetName=GND Pin=P3-4
Added Pin To Net: NetName=PA14 Pin=P3-5
Added Pin To Net: NetName=PA15 Pin=P3-6
Added Pin To Net: NetName=PC13 Pin=P3-7
Added Pin To Net: NetName=PB3 Pin=P3-8
Added Pin To Net: NetName=PB4 Pin=P3-9
Added Pin To Net: NetName=PB5 Pin=P3-10
Added Pin To Net: NetName=PB6 Pin=P3-11
Added Pin To Net: NetName=PB7 Pin=P3-12
Added Pin To Net: NetName=PB8 Pin=P3-13
Added Pin To Net: NetName=PB9 Pin=P3-14
Added Pin To Net: NetName=PB10 Pin=P3-15
Added Pin To Net: NetName=PB11 Pin=P3-16
Added Pin To Net: NetName=PB12 Pin=P3-17
Added Pin To Net: NetName=PB13 Pin=P3-18
Added Pin To Net: NetName=PB14 Pin=P3-19
Added Pin To Net: NetName=PB15 Pin=P3-20
Added Pin To Net: NetName=NetD1_1 Pin=R1-1
Added Pin To Net: NetName=VCC-3.3 Pin=R1-2
Added Pin To Net: NetName=USB-VCC Pin=R2-1
Added Pin To Net: NetName=NetR2_2 Pin=R2-2
Added Pin To Net: NetName=USB-VCC Pin=R3-1
Added Pin To Net: NetName=NetD5_1 Pin=R3-2
Added Pin To Net: NetName=GND Pin=R4-1
Added Pin To Net: NetName=NetP1_3 Pin=R4-2
Added Pin To Net: NetName=PL_3V3 Pin=R5-1
Added Pin To Net: NetName=USB_D+ Pin=R5-2
Added Pin To Net: NetName=VCC-3.3 Pin=R6-2
Added Pin To Net: NetName=BOOT0 Pin=R7-1
Added Pin To Net: NetName=VCC-3.3 Pin=R8-1
Added Pin To Net: NetName=KEY_0 Pin=R8-2
Added Pin To Net: NetName=VCC-3.3 Pin=R9-1
Added Pin To Net: NetName=NRST Pin=R9-2
Added Pin To Net: NetName=VCC-3.3 Pin=R10-1
Added Pin To Net: NetName=VDDA Pin=R10-2
Added Pin To Net: NetName=VCC-3.3 Pin=R11-1
Added Pin To Net: NetName=KEY_1 Pin=R11-2
Added Pin To Net: NetName=GND Pin=R12-1
Added Pin To Net: NetName=VSSA Pin=R12-2
Added Pin To Net: NetName=MCU_38_A0 Pin=U1-1
Added Pin To Net: NetName=MCU_38_A1 Pin=U1-2
Added Pin To Net: NetName=MCU_38_A2 Pin=U1-3
Added Pin To Net: NetName=MCU_38_E Pin=U1-4
Added Pin To Net: NetName=GND Pin=U1-5
Added Pin To Net: NetName=VCC-3.3 Pin=U1-6
Added Pin To Net: NetName=NetD9_2 Pin=U1-7
Added Pin To Net: NetName=GND Pin=U1-8
Added Pin To Net: NetName=NetD8_2 Pin=U1-9
Added Pin To Net: NetName=NetD7_2 Pin=U1-10
Added Pin To Net: NetName=NetD6_2 Pin=U1-11
Added Pin To Net: NetName=NetD4_2 Pin=U1-12
Added Pin To Net: NetName=NetD3_2 Pin=U1-13
Added Pin To Net: NetName=NetD2_2 Pin=U1-14
Added Pin To Net: NetName=NetD1_2 Pin=U1-15
Added Pin To Net: NetName=GND Pin=U2-1
Added Pin To Net: NetName=VCC-3.3 Pin=U2-2
Added Pin To Net: NetName=VCC-3.3 Pin=U2-2
Added Pin To Net: NetName=NetR2_2 Pin=U2-3
Added Pin To Net: NetName=USB-VCC Pin=U3-1
Added Pin To Net: NetName=USB_D- Pin=U3-2
Added Pin To Net: NetName=USB_D+ Pin=U3-3
Added Pin To Net: NetName=GND Pin=U3-5
Added Pin To Net: NetName=PL_TXD Pin=U4-1
Added Pin To Net: NetName=PL_3V3 Pin=U4-4
Added Pin To Net: NetName=PL_RXD Pin=U4-5
Added Pin To Net: NetName=GND Pin=U4-7
Added Pin To Net: NetName=USB_D+ Pin=U4-15
Added Pin To Net: NetName=USB_D- Pin=U4-16
Added Pin To Net: NetName=PL_3V3 Pin=U4-17
Added Pin To Net: NetName=GND Pin=U4-18
Added Pin To Net: NetName=USB-VCC Pin=U4-20
Added Pin To Net: NetName=GND Pin=U4-21
Added Pin To Net: NetName=GND Pin=U4-25
Added Pin To Net: NetName=GND Pin=U4-26
Added Pin To Net: NetName=NetC6_1 Pin=U4-27
Added Pin To Net: NetName=NetC5_1 Pin=U4-28
Added Pin To Net: NetName=VCC-3.3 Pin=U5-1
Added Pin To Net: NetName=PC13 Pin=U5-2
Added Pin To Net: NetName=OSC32_IN Pin=U5-3
Added Pin To Net: NetName=OSC32_OUT Pin=U5-4
Added Pin To Net: NetName=OSC_IN Pin=U5-5
Added Pin To Net: NetName=OSC_OUT Pin=U5-6
Added Pin To Net: NetName=NRST Pin=U5-7
Added Pin To Net: NetName=VSSA Pin=U5-8
Added Pin To Net: NetName=VDDA Pin=U5-9
Added Pin To Net: NetName=MCU_LCD_DB0 Pin=U5-10
Added Pin To Net: NetName=MCU_LCD_DB1 Pin=U5-11
Added Pin To Net: NetName=MCU_LCD_DB2 Pin=U5-12
Added Pin To Net: NetName=MCU_LCD_DB3 Pin=U5-13
Added Pin To Net: NetName=MCU_LCD_DB4 Pin=U5-14
Added Pin To Net: NetName=MCU_LCD_DB5 Pin=U5-15
Added Pin To Net: NetName=MCU_LCD_DB6 Pin=U5-16
Added Pin To Net: NetName=MCU_LCD_DB7 Pin=U5-17
Added Pin To Net: NetName=MCU_LCD_RS Pin=U5-18
Added Pin To Net: NetName=MCU_LCD_WR Pin=U5-19
Added Pin To Net: NetName=MCU_LCD_E Pin=U5-20
Added Pin To Net: NetName=PB10 Pin=U5-21
Added Pin To Net: NetName=PB11 Pin=U5-22
Added Pin To Net: NetName=GND Pin=U5-23
Added Pin To Net: NetName=VCC-3.3 Pin=U5-24
Added Pin To Net: NetName=PB12 Pin=U5-25
Added Pin To Net: NetName=PB13 Pin=U5-26
Added Pin To Net: NetName=PB14 Pin=U5-27
Added Pin To Net: NetName=PB15 Pin=U5-28
Added Pin To Net: NetName=MCU_38_E Pin=U5-29
Added Pin To Net: NetName=MCU_TXD Pin=U5-30
Added Pin To Net: NetName=MCU_RXD Pin=U5-31
Added Pin To Net: NetName=MCU_38_A0 Pin=U5-32
Added Pin To Net: NetName=MCU_38_A1 Pin=U5-33
Added Pin To Net: NetName=MCU_38_A2 Pin=U5-34
Added Pin To Net: NetName=KEY_1 Pin=U5-35
Added Pin To Net: NetName=KEY_0 Pin=U5-36
Added Pin To Net: NetName=PA14 Pin=U5-37
Added Pin To Net: NetName=PA15 Pin=U5-38
Added Pin To Net: NetName=PB3 Pin=U5-39
Added Pin To Net: NetName=PB4 Pin=U5-40
Added Pin To Net: NetName=PB5 Pin=U5-41
Added Pin To Net: NetName=PB6 Pin=U5-42
Added Pin To Net: NetName=PB7 Pin=U5-43
Added Pin To Net: NetName=BOOT0 Pin=U5-44
Added Pin To Net: NetName=PB8 Pin=U5-45
Added Pin To Net: NetName=PB9 Pin=U5-46
Added Pin To Net: NetName=GND Pin=U5-47
Added Pin To Net: NetName=VCC-3.3 Pin=U5-48
Added Pin To Net: NetName=OSC32_OUT Pin=Y3-1
Added Pin To Net: NetName=OSC32_IN Pin=Y3-2
Added Member To Class: ClassName=电源串口 Member=Component C1 47uF
Added Member To Class: ClassName=电源串口 Member=Component C2 47uF
Added Member To Class: ClassName=电源串口 Member=Component C3 Cap Semi
Added Member To Class: ClassName=电源串口 Member=Component C4 Cap Semi
Added Member To Class: ClassName=电源串口 Member=Component C5 Cap Semi
Added Member To Class: ClassName=电源串口 Member=Component C6 Cap Semi
Added Member To Class: ClassName=电源串口 Member=Component C7 Cap Semi
Added Member To Class: ClassName=电源串口 Member=Component C8 Cap Semi
Added Member To Class: ClassName=电源串口 Member=Component C9 Cap Semi
Added Member To Class: ClassName=STM32核心板 Member=Component C10 Cap Semi
Added Member To Class: ClassName=STM32核心板 Member=Component C11 Cap Semi
Added Member To Class: ClassName=STM32核心板 Member=Component C12 Cap Semi
Added Member To Class: ClassName=STM32核心板 Member=Component C13 Cap Semi
Added Member To Class: ClassName=STM32核心板 Member=Component C14 Cap Semi
Added Member To Class: ClassName=STM32核心板 Member=Component C15 Cap Semi
Added Member To Class: ClassName=STM32核心板 Member=Component C16 Cap Semi
Added Member To Class: ClassName=STM32核心板 Member=Component C17 Cap Semi
Added Member To Class: ClassName=STM32核心板 Member=Component C18 Cap Semi
Added Member To Class: ClassName=STM32核心板 Member=Component C19 Cap Semi
Added Member To Class: ClassName=电源串口 Member=Component D1 LED2
Added Member To Class: ClassName=电源串口 Member=Component D2 LED2
Added Member To Class: ClassName=电源串口 Member=Component D3 LED2
Added Member To Class: ClassName=电源串口 Member=Component D4 LED2
Added Member To Class: ClassName=电源串口 Member=Component D5 LED2
Added Member To Class: ClassName=电源串口 Member=Component D6 LED2
Added Member To Class: ClassName=电源串口 Member=Component D7 LED2
Added Member To Class: ClassName=电源串口 Member=Component D8 LED2
Added Member To Class: ClassName=电源串口 Member=Component D9 LED2
Added Member To Class: ClassName=电源串口 Member=Component H1 七脚拨动开关
Added Member To Class: ClassName=STM32核心板 Member=Component H2 七脚拨动开关
Added Member To Class: ClassName=STM32核心板 Member=Component H3 微动开关
Added Member To Class: ClassName=STM32核心板 Member=Component H4 微动开关
Added Member To Class: ClassName=STM32核心板 Member=Component H5 微动开关
Added Member To Class: ClassName=电源串口 Member=Component P1 Header 16
Added Member To Class: ClassName=电源串口 Member=Component P2 Header 2X2
Added Member To Class: ClassName=STM32核心板 Member=Component P3 Header 10X2
Added Member To Class: ClassName=电源串口 Member=Component R1 Res3
Added Member To Class: ClassName=电源串口 Member=Component R2 Res3
Added Member To Class: ClassName=电源串口 Member=Component R3 Res3
Added Member To Class: ClassName=电源串口 Member=Component R4 Res3
Added Member To Class: ClassName=电源串口 Member=Component R5 Res3
Added Member To Class: ClassName=STM32核心板 Member=Component R6 Res3
Added Member To Class: ClassName=STM32核心板 Member=Component R7 Res3
Added Member To Class: ClassName=STM32核心板 Member=Component R8 Res3
Added Member To Class: ClassName=STM32核心板 Member=Component R9 Res3
Added Member To Class: ClassName=STM32核心板 Member=Component R10 Res3
Added Member To Class: ClassName=STM32核心板 Member=Component R11 Res3
Added Member To Class: ClassName=STM32核心板 Member=Component R12 Res3
Added Member To Class: ClassName=电源串口 Member=Component U1 74HC138
Added Member To Class: ClassName=电源串口 Member=Component U2 AMS1117-3.3V
Added Member To Class: ClassName=电源串口 Member=Component U3 USB
Added Member To Class: ClassName=电源串口 Member=Component U4 PL2303HX
Added Member To Class: ClassName=STM32核心板 Member=Component U5 STM32F030
Added Member To Class: ClassName=电源串口 Member=Component Y1 12MHZ
Added Member To Class: ClassName=STM32核心板 Member=Component Y2 8MHZ
Added Member To Class: ClassName=STM32核心板 Member=Component Y3 32.768KHZ
Added Room: Name=STM32核心板
Added Room: Name=电源串口
