Change Component Parameter Comment in Y3 Old= New=XTAL
Replace Symbol from C10 Cap Semi in E:\DXP\STM32F030C8T6\STM32F030.SchDoc with Cap Semi from Miscellaneous Devices.IntLib
Replace Symbol from C11 Cap Semi in E:\DXP\STM32F030C8T6\STM32F030.SchDoc with Cap Semi from Miscellaneous Devices.IntLib
Replace Symbol from C12 Cap Semi in E:\DXP\STM32F030C8T6\STM32F030.SchDoc with Cap Semi from Miscellaneous Devices.IntLib
Replace Symbol from C13 Cap Semi in E:\DXP\STM32F030C8T6\STM32F030.SchDoc with Cap Semi from Miscellaneous Devices.IntLib
Replace Symbol from C14 Cap Semi in E:\DXP\STM32F030C8T6\STM32F030.SchDoc with Cap Semi from Miscellaneous Devices.IntLib
Replace Symbol from C15 Cap Semi in E:\DXP\STM32F030C8T6\STM32F030.SchDoc with Cap Semi from Miscellaneous Devices.IntLib
Replace Symbol from C16 Cap Semi in E:\DXP\STM32F030C8T6\STM32F030.SchDoc with Cap Semi from Miscellaneous Devices.IntLib
Replace Symbol from C17 Cap Semi in E:\DXP\STM32F030C8T6\STM32F030.SchDoc with Cap Semi from Miscellaneous Devices.IntLib
Replace Symbol from C18 Cap Semi in E:\DXP\STM32F030C8T6\STM32F030.SchDoc with Cap Semi from Miscellaneous Devices.IntLib
Replace Symbol from C19 Cap Semi in E:\DXP\STM32F030C8T6\STM32F030.SchDoc with Cap Semi from Miscellaneous Devices.IntLib
Replace Symbol from C20 Cap Semi in E:\DXP\STM32F030C8T6\STM32F030.SchDoc with Cap Semi from Miscellaneous Devices.IntLib
Replace Symbol from H2 七脚拨动开关 in E:\DXP\STM32F030C8T6\STM32F030.SchDoc with 七脚拨动开关 from KindSword.IntLib
Replace Symbol from H3 微动开关 in E:\DXP\STM32F030C8T6\STM32F030.SchDoc with 微动开关 from KindSword.IntLib
Replace Symbol from H4 微动开关 in E:\DXP\STM32F030C8T6\STM32F030.SchDoc with 微动开关 from KindSword.IntLib
Replace Symbol from H5 微动开关 in E:\DXP\STM32F030C8T6\STM32F030.SchDoc with 微动开关 from KindSword.IntLib
Replace Symbol from P3 Header 10X2 in E:\DXP\STM32F030C8T6\STM32F030.SchDoc with Header 10X2 from Miscellaneous Connectors.IntLib
Replace Symbol from R6 Res3 in E:\DXP\STM32F030C8T6\STM32F030.SchDoc with Res3 from Miscellaneous Devices.IntLib
Replace Symbol from R7 Res3 in E:\DXP\STM32F030C8T6\STM32F030.SchDoc with Res3 from Miscellaneous Devices.IntLib
Replace Symbol from R8 Res3 in E:\DXP\STM32F030C8T6\STM32F030.SchDoc with Res3 from Miscellaneous Devices.IntLib
Replace Symbol from R9 Res3 in E:\DXP\STM32F030C8T6\STM32F030.SchDoc with Res3 from Miscellaneous Devices.IntLib
Replace Symbol from R10 Res3 in E:\DXP\STM32F030C8T6\STM32F030.SchDoc with Res3 from Miscellaneous Devices.IntLib
Replace Symbol from R11 Res3 in E:\DXP\STM32F030C8T6\STM32F030.SchDoc with Res3 from Miscellaneous Devices.IntLib
Replace Symbol from R12 Res3 in E:\DXP\STM32F030C8T6\STM32F030.SchDoc with Res3 from Miscellaneous Devices.IntLib
Replace Symbol from U5 STM32F030C8T6 in E:\DXP\STM32F030C8T6\STM32F030.SchDoc with STM32F030C8T6 from KindSword.IntLib
Replace Symbol from Y2 晶振 in E:\DXP\STM32F030C8T6\STM32F030.SchDoc with 晶振 from KindSword.IntLib
Replace Symbol from Y3 XTAL in E:\DXP\STM32F030C8T6\STM32F030.SchDoc with XTAL from Miscellaneous Devices.IntLib
