Replace Symbol from C? Cap Semi in E:\DXP\STM32F030C8T6\STM32F030.SchDoc with Cap Semi from Miscellaneous Devices.IntLib
Replace Symbol from C? Cap Semi in E:\DXP\STM32F030C8T6\STM32F030.SchDoc with Cap Semi from Miscellaneous Devices.IntLib
Replace Symbol from C? Cap Semi in E:\DXP\STM32F030C8T6\STM32F030.SchDoc with Cap Semi from Miscellaneous Devices.IntLib
Replace Symbol from C? Cap Semi in E:\DXP\STM32F030C8T6\STM32F030.SchDoc with Cap Semi from Miscellaneous Devices.IntLib
Replace Symbol from C? Cap Semi in E:\DXP\STM32F030C8T6\STM32F030.SchDoc with Cap Semi from Miscellaneous Devices.IntLib
Replace Symbol from C? Cap Semi in E:\DXP\STM32F030C8T6\STM32F030.SchDoc with Cap Semi from Miscellaneous Devices.IntLib
Replace Symbol from C? Cap Semi in E:\DXP\STM32F030C8T6\STM32F030.SchDoc with Cap Semi from Miscellaneous Devices.IntLib
Replace Symbol from C? Cap Semi in E:\DXP\STM32F030C8T6\STM32F030.SchDoc with Cap Semi from Miscellaneous Devices.IntLib
Replace Symbol from C? Cap Semi in E:\DXP\STM32F030C8T6\STM32F030.SchDoc with Cap Semi from Miscellaneous Devices.IntLib
Replace Symbol from C? Cap Semi in E:\DXP\STM32F030C8T6\STM32F030.SchDoc with Cap Semi from Miscellaneous Devices.IntLib
Replace Symbol from C? Cap Semi in E:\DXP\STM32F030C8T6\STM32F030.SchDoc with Cap Semi from Miscellaneous Devices.IntLib
Replace Symbol from P? Header 10X2 in E:\DXP\STM32F030C8T6\STM32F030.SchDoc with Header 10X2 from Miscellaneous Connectors.IntLib
Replace Symbol from R? Res3 in E:\DXP\STM32F030C8T6\STM32F030.SchDoc with Res3 from Miscellaneous Devices.IntLib
Replace Symbol from R? Res3 in E:\DXP\STM32F030C8T6\STM32F030.SchDoc with Res3 from Miscellaneous Devices.IntLib
Replace Symbol from R? Res3 in E:\DXP\STM32F030C8T6\STM32F030.SchDoc with Res3 from Miscellaneous Devices.IntLib
Replace Symbol from R? Res3 in E:\DXP\STM32F030C8T6\STM32F030.SchDoc with Res3 from Miscellaneous Devices.IntLib
Replace Symbol from R? Res3 in E:\DXP\STM32F030C8T6\STM32F030.SchDoc with Res3 from Miscellaneous Devices.IntLib
Replace Symbol from R? Res3 in E:\DXP\STM32F030C8T6\STM32F030.SchDoc with Res3 from Miscellaneous Devices.IntLib
Replace Symbol from R? Res3 in E:\DXP\STM32F030C8T6\STM32F030.SchDoc with Res3 from Miscellaneous Devices.IntLib
Replace Symbol from STM? STM32F030C8T6 in E:\DXP\STM32F030C8T6\STM32F030.SchDoc with STM32F030C8T6 from KindSword.IntLib
Replace Symbol from Y? XTAL in E:\DXP\STM32F030C8T6\STM32F030.SchDoc with XTAL from Miscellaneous Devices.IntLib
Replace Symbol from Y? 晶振 in E:\DXP\STM32F030C8T6\STM32F030.SchDoc with 晶振 from KindSword.IntLib
Replace Symbol from 七脚拨动开关? 七脚拨动开关 in E:\DXP\STM32F030C8T6\STM32F030.SchDoc with 七脚拨动开关 from KindSword.IntLib
Replace Symbol from 微动开关? 微动开关 in E:\DXP\STM32F030C8T6\STM32F030.SchDoc with 微动开关 from KindSword.IntLib
Replace Symbol from 微动开关? 微动开关 in E:\DXP\STM32F030C8T6\STM32F030.SchDoc with 微动开关 from KindSword.IntLib
Replace Symbol from 微动开关? 微动开关 in E:\DXP\STM32F030C8T6\STM32F030.SchDoc with 微动开关 from KindSword.IntLib
