Removed Pin From Net: NetName=MCU_LCD_DB0 Pin=U5-10
Removed Pin From Net: NetName=MCU_LCD_DB1 Pin=U5-11
Removed Pin From Net: NetName=MCU_LCD_DB2 Pin=U5-12
Removed Pin From Net: NetName=MCU_LCD_DB3 Pin=U5-13
Removed Pin From Net: NetName=MCU_LCD_DB4 Pin=U5-14
Removed Pin From Net: NetName=MCU_LCD_DB5 Pin=U5-15
Removed Pin From Net: NetName=MCU_LCD_DB6 Pin=U5-16
Removed Pin From Net: NetName=MCU_LCD_DB7 Pin=U5-17
Removed Pin From Net: NetName=MCU_LCD_RS Pin=U5-18
Removed Pin From Net: NetName=MCU_LCD_WR Pin=U5-19
Removed Pin From Net: NetName=MCU_LCD_E Pin=U5-20
Added Pin To Net: NetName=MCU_LCD_RS Pin=U5-10
Added Pin To Net: NetName=MCU_LCD_WR Pin=U5-11
Added Pin To Net: NetName=MCU_LCD_E Pin=U5-12
Added Pin To Net: NetName=MCU_LCD_DB0 Pin=U5-13
Added Pin To Net: NetName=MCU_LCD_DB1 Pin=U5-14
Added Pin To Net: NetName=MCU_LCD_DB2 Pin=U5-15
Added Pin To Net: NetName=MCU_LCD_DB3 Pin=U5-16
Added Pin To Net: NetName=MCU_LCD_DB4 Pin=U5-17
Added Pin To Net: NetName=MCU_LCD_DB5 Pin=U5-18
Added Pin To Net: NetName=MCU_LCD_DB6 Pin=U5-19
Added Pin To Net: NetName=MCU_LCD_DB7 Pin=U5-20
