Replace Part C10 Cap Semi in E:\DXP\STM32F030C8T6\STM32F030.SchDoc with Cap Semi from Miscellaneous Devices.IntLib
Replace Part C11 Cap Semi in E:\DXP\STM32F030C8T6\STM32F030.SchDoc with Cap Semi from Miscellaneous Devices.IntLib
Replace Part C12 Cap Semi in E:\DXP\STM32F030C8T6\STM32F030.SchDoc with Cap Semi from Miscellaneous Devices.IntLib
Replace Part C13 Cap Semi in E:\DXP\STM32F030C8T6\STM32F030.SchDoc with Cap Semi from Miscellaneous Devices.IntLib
Replace Part C14 Cap Semi in E:\DXP\STM32F030C8T6\STM32F030.SchDoc with Cap Semi from Miscellaneous Devices.IntLib
Replace Part C15 Cap Semi in E:\DXP\STM32F030C8T6\STM32F030.SchDoc with Cap Semi from Miscellaneous Devices.IntLib
Replace Part C16 Cap Semi in E:\DXP\STM32F030C8T6\STM32F030.SchDoc with Cap Semi from Miscellaneous Devices.IntLib
Replace Part C17 Cap Semi in E:\DXP\STM32F030C8T6\STM32F030.SchDoc with Cap Semi from Miscellaneous Devices.IntLib
Replace Part C18 Cap Semi in E:\DXP\STM32F030C8T6\STM32F030.SchDoc with Cap Semi from Miscellaneous Devices.IntLib
Replace Part C19 Cap Semi in E:\DXP\STM32F030C8T6\STM32F030.SchDoc with Cap Semi from Miscellaneous Devices.IntLib
Replace Part C20 Cap Semi in E:\DXP\STM32F030C8T6\STM32F030.SchDoc with Cap Semi from Miscellaneous Devices.IntLib
Replace Part P3 Header 10X2 in E:\DXP\STM32F030C8T6\STM32F030.SchDoc with Header 10X2 from Miscellaneous Connectors.IntLib
Replace Part R6 Res3 in E:\DXP\STM32F030C8T6\STM32F030.SchDoc with Res3 from Miscellaneous Devices.IntLib
Replace Part R7 Res3 in E:\DXP\STM32F030C8T6\STM32F030.SchDoc with Res3 from Miscellaneous Devices.IntLib
Replace Part R8 Res3 in E:\DXP\STM32F030C8T6\STM32F030.SchDoc with Res3 from Miscellaneous Devices.IntLib
Replace Part R9 Res3 in E:\DXP\STM32F030C8T6\STM32F030.SchDoc with Res3 from Miscellaneous Devices.IntLib
Replace Part R10 Res3 in E:\DXP\STM32F030C8T6\STM32F030.SchDoc with Res3 from Miscellaneous Devices.IntLib
Replace Part R11 Res3 in E:\DXP\STM32F030C8T6\STM32F030.SchDoc with Res3 from Miscellaneous Devices.IntLib
Replace Part R12 Res3 in E:\DXP\STM32F030C8T6\STM32F030.SchDoc with Res3 from Miscellaneous Devices.IntLib
Replace Part STM1 STM32F030C8T6 in E:\DXP\STM32F030C8T6\STM32F030.SchDoc with STM32F030C8T6 from KindSword.IntLib
Replace Part Y2 晶振 in E:\DXP\STM32F030C8T6\STM32F030.SchDoc with 晶振 from KindSword.IntLib
Replace Part Y3 XTAL in E:\DXP\STM32F030C8T6\STM32F030.SchDoc with XTAL from Miscellaneous Devices.IntLib
Replace Part 七脚拨动开关2 七脚拨动开关 in E:\DXP\STM32F030C8T6\STM32F030.SchDoc with 七脚拨动开关 from KindSword.IntLib
Replace Part 微动开关1 微动开关 in E:\DXP\STM32F030C8T6\STM32F030.SchDoc with 微动开关 from KindSword.IntLib
Replace Part 微动开关2 微动开关 in E:\DXP\STM32F030C8T6\STM32F030.SchDoc with 微动开关 from KindSword.IntLib
Replace Part 微动开关3 微动开关 in E:\DXP\STM32F030C8T6\STM32F030.SchDoc with 微动开关 from KindSword.IntLib
